Engine-Match 27 October 2023 11:21:36
 Tournament Game in One Minute 

Pairing 1/1 :    AnMon 5.75  -  Sunstone

PGN-File: E:\sunst\Desktop\arena_3.5.1\Arena.pgn

No:  B/W 1/2     W:B       1:2           Time        Value Moves Dep 1:2       1-2-Draws
   1 W 1    1.0:0.0        1.0:0.0       11:23:09      +M1    42 11.304 :6.000  1-0-0

--------------------------------------------------------------

Engine-Match 27 October 2023 11:42:47
 Tournament Game in 2 Minutes 

Pairing 1/1 :    Sunstone  -  SOS 5.1 for Arena

PGN-File: E:\sunst\Desktop\arena_3.5.1\Arena.pgn

No:  B/W 1/2     W:B       1:2           Time        Value Moves Dep 1:2       1-2-Draws
   1 W 1    1.0:0.0        1.0:0.0       19:28:04      +M1    40 9.633 :6.323  1-0-0

--------------------------------------------------------------

Engine-Match 28 October 2023 19:30:29
 Tournament Game in One Minute 

Pairing 1/1 :    Ruffian 1.0.5  -  Sunstone

PGN-File: E:\sunst\Desktop\arena_3.5.1\Arena.pgn

No:  B/W 1/2     W:B       1:2           Time        Value Moves Dep 1:2       1-2-Draws
   1 W 1    1.0:0.0        1.0:0.0       19:31:20      +M1    27 8.938 :5.667  1-0-0
   1 W 1    1.0:0.0        1.0:0.0       20:06:01   +13.20    35 10.864 :6.429  1-0-0

--------------------------------------------------------------

Engine-Match 29 October 2023 20:51:17
 Tournament Game in 6 Minutes 

Pairing 1/1 :    Sunstone  -  Sunstone 1.2

PGN-File: E:\sunst\Desktop\arena_3.5.1\Arena.pgn

No:  B/W 1/2     W:B       1:2           Time        Value Moves Dep 1:2       1-2-Draws
   1 B 2    1.0:0.0        0.0:1.0       23:30:57    -M500    73 5.952 :5.902  0-1-0

--------------------------------------------------------------

Engine-Match 29 October 2023 23:58:17
 Tournament Game in 6 Minutes 

Pairing 1/1 :    Sunstone 1.3  -  Sunstone

PGN-File: E:\sunst\Desktop\arena_3.5.1\Arena.pgn

No:  B/W 1/2     W:B       1:2           Time        Value Moves Dep 1:2       1-2-Draws
  11 = =    4.5:4.5        5.5:5.5       23:58:58     0.00    16 5.250 :4.857  1-1-9
  31 = =    11.5:11.5      16.5:14.5     00:45:44     0.00    13 7.000 :6.250  5-3-23
   1 = =    0.5:0.5        0.5:0.5       17:54:18     0.00    13 6.000 :7.000  0-0-1

--------------------------------------------------------------

Engine-Match 11 November 2023 20:33:25
 Tournament Game in 6 Minutes 

Pairing 1/1 :    Sunstone  -  Sunstone 1.3

PGN-File: E:\sunst\Desktop\arena_3.5.1\Arena.pgn

No:  B/W 1/2     W:B       1:2           Time        Value Moves Dep 1:2       1-2-Draws

--------------------------------------------------------------

Engine-Match 11 November 2023 21:10:30
 Tournament Game in 6 Minutes 

Pairing 1/1 :    Sunstone  -  Sunstone 1.3

PGN-File: E:\sunst\Desktop\arena_3.5.1\Arena.pgn

No:  B/W 1/2     W:B       1:2           Time        Value Moves Dep 1:2       1-2-Draws
   1 W 1    1.0:0.0        1.0:0.0       12:30:52     +M14    31 10.722 :4.474  1-0-0
   1 W 1    1.0:0.0        1.0:0.0       12:40:43   +12.56    28 12.667 :4.700  1-0-0
   1 W 1    1.0:0.0        1.0:0.0       12:44:51      +M1    28 10.667 :4.313  1-0-0
   2 B 1    1.0:0.0        2.0:0.0       13:00:14   -12.68    64 10.700 :4.609  2-0-0
   2 B 1    1.0:0.0        2.0:0.0       13:09:01      -M1    36 15.071 :4.600  2-0-0
   2 B 1    1.0:0.0        2.0:0.0       13:13:24   -13.93    27 9.611 :4.158  2-0-0

--------------------------------------------------------------

Engine-Match 29 November 2023 21:31:48
 Tournament Game in 5 Minutes 

Pairing 1/1 :    Sunstone  -  Stockfish-windows-2022-x86-64-avx2

PGN-File: E:\sunst\Desktop\arena_3.5.1\Arena.pgn

No:  B/W 1/2     W:B       1:2           Time        Value Moves Dep 1:2       1-2-Draws
