  board.cpp
E:\sunst\Documents\C++\Chess 2.0\Sunstone\board.cpp(557,27): warning C4244: '+=': conversion from 'uint64_t' to 'int', possible loss of data
E:\sunst\Documents\C++\Chess 2.0\Sunstone\board.cpp(591,27): warning C4244: '+=': conversion from 'uint64_t' to 'int', possible loss of data
E:\sunst\Documents\C++\Chess 2.0\Sunstone\board.cpp(991,23): warning C4244: 'initializing': conversion from 'unsigned long' to 'char', possible loss of data
E:\sunst\Documents\C++\Chess 2.0\Sunstone\board.cpp(1188,23): warning C4244: 'initializing': conversion from 'unsigned long' to 'char', possible loss of data
E:\sunst\Documents\C++\Chess 2.0\Sunstone\board.cpp(1482,18): warning C4244: 'initializing': conversion from 'unsigned long' to 'char', possible loss of data
E:\sunst\Documents\C++\Chess 2.0\Sunstone\board.cpp(1626,21): warning C4244: 'initializing': conversion from 'double' to 'float', possible loss of data
E:\sunst\Documents\C++\Chess 2.0\Sunstone\board.cpp(1627,19): warning C4244: 'initializing': conversion from 'double' to 'float', possible loss of data
E:\sunst\Documents\C++\Chess 2.0\Sunstone\board.cpp(1636,102): warning C4244: '+=': conversion from 'float' to 'int', possible loss of data
  engine.cpp
E:\sunst\Documents\C++\Chess 2.0\Sunstone\engine.cpp(30,20): warning C4244: 'initializing': conversion from '_Rep' to 'int', possible loss of data
          with
          [
              _Rep=__int64
          ]
E:\sunst\Documents\C++\Chess 2.0\Sunstone\engine.cpp(176,20): warning C4244: 'initializing': conversion from '_Rep' to 'int', possible loss of data
          with
          [
              _Rep=__int64
          ]
  main.cpp
  transpositionTable.cpp
E:\sunst\Documents\C++\Chess 2.0\Sunstone\transpositionTable.cpp(33,18): warning C4244: 'initializing': conversion from 'uint64_t' to 'uint16_t', possible loss of data
  Generating Code...
  Sunstone.vcxproj -> E:\sunst\Documents\C++\Chess 2.0\Sunstone\x64\Debug\Sunstone.exe
